2025-11-06 14:57:54,685 - seek_scraper - INFO - ============================================================
2025-11-06 14:57:54,686 - seek_scraper - INFO - Seek Job Scraper - Starting
2025-11-06 14:57:54,686 - seek_scraper - INFO - ============================================================
2025-11-06 14:57:54,686 - seek_scraper - INFO - Starting scraping process...
2025-11-06 14:57:54,686 - seek_scraper - INFO - Starting Seek scraper...
2025-11-06 14:57:54,686 - seek_scraper - INFO - Using subclassification filter: 10 subcategories (excluding Recruitment - Agency at source)
2025-11-06 14:57:54,686 - seek_scraper - INFO - Excluding 55 recruitment agencies by company name
2025-11-06 14:57:58,514 - seek_scraper - INFO - Navigating to: https://www.seek.com.au/jobs-in-human-resources-recruitment?daterange=3&subclassification=6323%2C6322%2C6321%2C6318%2C6319%2C6320%2C6325%2C6326%2C6327%2C6328
2025-11-06 14:58:01,114 - seek_scraper - INFO - Scraping page 1...
2025-11-06 14:58:01,770 - seek_scraper - INFO - Found 22 jobs on page 1
2025-11-06 14:58:01,772 - seek_scraper - INFO - No more pages to scrape
2025-11-06 14:58:01,805 - seek_scraper - INFO - Total jobs scraped: 22
2025-11-06 14:58:01,806 - seek_scraper - INFO - Running deduplication...
2025-11-06 14:58:01,807 - seek_scraper - INFO - New jobs to save: 22
2025-11-06 14:58:01,807 - seek_scraper - INFO - Saving to JSON...
2025-11-06 14:58:01,809 - seek_scraper - INFO - ============================================================
2025-11-06 14:58:01,809 - seek_scraper - INFO - Scraping completed successfully
2025-11-06 14:58:01,809 - seek_scraper - INFO - Total jobs scraped: 22
2025-11-06 14:58:01,809 - seek_scraper - INFO - Output format: json
2025-11-06 14:58:01,809 - seek_scraper - INFO - ============================================================
2025-11-06 14:58:01,809 - seek_scraper - INFO - 
Sample job:
2025-11-06 14:58:01,809 - seek_scraper - INFO -   Title: Head of People & Capability – Fisher & Paykel Australia
2025-11-06 14:58:01,809 - seek_scraper - INFO -   Company: Fisher & Paykel Appliances
2025-11-06 14:58:01,809 - seek_scraper - INFO -   Location: Macquarie Park
2025-11-06 14:58:01,809 - seek_scraper - INFO -   Subcategory: (Human Resources & Recruitment)
2025-11-06 14:58:01,809 - seek_scraper - INFO -   URL: https://www.seek.com.au/job/88347547?type=promoted&ref=search-standalone&origin=cardTitle#sol=2a586a39fb28b3a1f86acdf5fc8c923386d4e0fb
