2025-10-10 11:06:21,872 - seek_scraper - INFO - ============================================================
2025-10-10 11:06:21,873 - seek_scraper - INFO - Seek Job Scraper - Starting
2025-10-10 11:06:21,873 - seek_scraper - INFO - ============================================================
2025-10-10 11:06:21,873 - seek_scraper - INFO - Starting scraping process...
2025-10-10 11:06:21,873 - seek_scraper - INFO - Starting Seek scraper...
2025-10-10 11:06:21,873 - seek_scraper - INFO - Using subclassification filter: 10 subcategories (excluding Recruitment - Agency at source)
2025-10-10 11:06:21,873 - seek_scraper - INFO - Excluding 1 recruitment agencies by company name
2025-10-10 11:06:26,520 - seek_scraper - INFO - Navigating to: https://www.seek.com.au/jobs-in-human-resources-recruitment?daterange=3&subclassification=6323%2C6322%2C6321%2C6318%2C6319%2C6320%2C6325%2C6326%2C6327%2C6328
2025-10-10 11:06:29,224 - seek_scraper - INFO - Scraping page 1...
2025-10-10 11:06:29,269 - seek_scraper - DEBUG - Found 22 job cards on page
2025-10-10 11:06:29,303 - seek_scraper - INFO - Found 0 jobs on page 1
2025-10-10 11:06:29,306 - seek_scraper - INFO - No more pages to scrape
2025-10-10 11:06:29,449 - seek_scraper - INFO - Total jobs scraped: 0
2025-10-10 11:06:29,449 - seek_scraper - WARNING - No jobs found
2025-10-10 11:07:15,589 - seek_scraper - INFO - ============================================================
2025-10-10 11:07:15,589 - seek_scraper - INFO - Seek Job Scraper - Starting
2025-10-10 11:07:15,589 - seek_scraper - INFO - ============================================================
2025-10-10 11:07:15,589 - seek_scraper - INFO - Starting scraping process...
2025-10-10 11:07:15,589 - seek_scraper - INFO - Starting Seek scraper...
2025-10-10 11:07:15,589 - seek_scraper - INFO - Using subclassification filter: 10 subcategories (excluding Recruitment - Agency at source)
2025-10-10 11:07:15,589 - seek_scraper - INFO - Excluding 1 recruitment agencies by company name
2025-10-10 11:07:17,508 - seek_scraper - INFO - Navigating to: https://www.seek.com.au/jobs-in-human-resources-recruitment?daterange=3&subclassification=6323%2C6322%2C6321%2C6318%2C6319%2C6320%2C6325%2C6326%2C6327%2C6328
2025-10-10 11:07:20,182 - seek_scraper - INFO - Scraping page 1...
2025-10-10 11:07:20,239 - seek_scraper - DEBUG - Found 22 job cards on page
2025-10-10 11:07:20,972 - seek_scraper - INFO - Found 22 jobs on page 1
2025-10-10 11:07:20,975 - seek_scraper - INFO - No more pages to scrape
2025-10-10 11:07:21,149 - seek_scraper - INFO - Total jobs scraped: 22
2025-10-10 11:07:21,149 - seek_scraper - INFO - Running deduplication...
2025-10-10 11:07:21,149 - seek_scraper - INFO - New jobs to save: 22
2025-10-10 11:07:21,149 - seek_scraper - INFO - Saving to JSON...
2025-10-10 11:07:21,150 - seek_scraper - INFO - ============================================================
2025-10-10 11:07:21,150 - seek_scraper - INFO - Scraping completed successfully
2025-10-10 11:07:21,150 - seek_scraper - INFO - Total jobs scraped: 22
2025-10-10 11:07:21,150 - seek_scraper - INFO - Output format: json
2025-10-10 11:07:21,150 - seek_scraper - INFO - ============================================================
2025-10-10 11:07:21,150 - seek_scraper - INFO - 
Sample job:
2025-10-10 11:07:21,150 - seek_scraper - INFO -   Title: Organisational Development Advisor
2025-10-10 11:07:21,150 - seek_scraper - INFO -   Company: City of Stonnington
2025-10-10 11:07:21,150 - seek_scraper - INFO -   Location: Malvern
2025-10-10 11:07:21,150 - seek_scraper - INFO -   Subcategory: (Human Resources & Recruitment)
2025-10-10 11:07:21,150 - seek_scraper - INFO -   URL: https://www.seek.com.au/job/87765481?type=standard&ref=search-standalone&origin=cardTitle#sol=1839f586398576dc1771c5e27ab71a07745f59cf
